<?xml version="1.0" encoding="UTF-8"?>
<testng-results skipped="0" failed="0" ignored="0" total="1" passed="1">
  <reporter-output>
  </reporter-output>
  <suite name="Default suite" duration-ms="25008" started-at="2021-12-21T13:06:12 CST" finished-at="2021-12-21T13:06:37 CST">
    <groups>
    </groups>
    <test name="Default test" duration-ms="25008" started-at="2021-12-21T13:06:12 CST" finished-at="2021-12-21T13:06:37 CST">
      <class name="Register">
        <test-method status="PASS" signature="beforetest()[pri:0, instance:Register@52f759d7]" name="beforetest" is-config="true" duration-ms="6159" started-at="2021-12-21T13:06:12 CST" finished-at="2021-12-21T13:06:18 CST">
          <reporter-output>
          </reporter-output>
        </test-method> <!-- beforetest -->
        <test-method status="PASS" signature="open()[pri:0, instance:Register@52f759d7]" name="open" is-config="true" duration-ms="2171" started-at="2021-12-21T13:06:18 CST" finished-at="2021-12-21T13:06:20 CST">
          <reporter-output>
          </reporter-output>
        </test-method> <!-- open -->
        <test-method status="PASS" signature="Reg()[pri:0, instance:Register@52f759d7]" name="Reg" duration-ms="16622" started-at="2021-12-21T13:06:20 CST" finished-at="2021-12-21T13:06:37 CST">
          <reporter-output>
          </reporter-output>
        </test-method> <!-- Reg -->
      </class> <!-- Register -->
    </test> <!-- Default test -->
  </suite> <!-- Default suite -->
</testng-results>
